# JRE version: Java(TM) SE Runtime Environment (8.0_201-b09) (build 1.8.0_201-b09)
# Java VM: Java HotSpot(TM) 64-Bit Server VM (25.201-b09 mixed mode linux-amd64 compressed oops)
Heap:
 PSYoungGen      total 301568K, used 13887K [0x00000000eb700000, 0x0000000100000000, 0x0000000100000000)
  eden space 277504K, 0% used [0x00000000eb700000,0x00000000eb700000,0x00000000fc600000)
  from space 24064K, 57% used [0x00000000fe880000,0x00000000ff60fec8,0x0000000100000000)
  to   space 29696K, 0% used [0x00000000fc600000,0x00000000fc600000,0x00000000fe300000)
 ParOldGen       total 123904K, used 123850K [0x00000000c2400000, 0x00000000c9d00000, 0x00000000eb700000)
  object space 123904K, 99% used [0x00000000c2400000,0x00000000c9cf28d8,0x00000000c9d00000)
 Metaspace       used 6864K, capacity 6954K, committed 7296K, reserved 1056768K
  class space    used 758K, capacity 785K, committed 896K, reserved 1048576K
GC Heap History (10 events):
Event: 4.101 GC heap after
Heap after GC invocations=18 (full 2):
 PSYoungGen      total 310784K, used 18916K [0x00000000eb700000, 0x0000000100000000, 0x0000000100000000)
  eden space 291840K, 0% used [0x00000000eb700000,0x00000000eb700000,0x00000000fd400000)
  from space 18944K, 99% used [0x00000000fec80000,0x00000000ffef9278,0x00000000fff00000)
  to   space 22528K, 0% used [0x00000000fd400000,0x00000000fd400000,0x00000000fea00000)
 ParOldGen       total 123904K, used 78492K [0x00000000c2400000, 0x00000000c9d00000, 0x00000000eb700000)
  object space 123904K, 63% used [0x00000000c2400000,0x00000000c70a71a0,0x00000000c9d00000)
 Metaspace       used 6863K, capacity 6954K, committed 7296K, reserved 1056768K
  class space    used 758K, capacity 785K, committed 896K, reserved 1048576K
}
Event: 4.211 GC heap before
{Heap before GC invocations=19 (full 2):
 PSYoungGen      total 310784K, used 310756K [0x00000000eb700000, 0x0000000100000000, 0x0000000100000000)
  eden space 291840K, 100% used [0x00000000eb700000,0x00000000fd400000,0x00000000fd400000)
  from space 18944K, 99% used [0x00000000fec80000,0x00000000ffef9278,0x00000000fff00000)
  to   space 22528K, 0% used [0x00000000fd400000,0x00000000fd400000,0x00000000fea00000)
 ParOldGen       total 123904K, used 78492K [0x00000000c2400000, 0x00000000c9d00000, 0x00000000eb700000)
  object space 123904K, 63% used [0x00000000c2400000,0x00000000c70a71a0,0x00000000c9d00000)
 Metaspace       used 6864K, capacity 6954K, committed 7296K, reserved 1056768K
  class space    used 758K, capacity 785K, committed 896K, reserved 1048576K
Event: 4.250 GC heap after
Heap after GC invocations=19 (full 2):
 PSYoungGen      total 314368K, used 10624K [0x00000000eb700000, 0x0000000100000000, 0x0000000100000000)
  eden space 291840K, 0% used [0x00000000eb700000,0x00000000eb700000,0x00000000fd400000)
  from space 22528K, 47% used [0x00000000fd400000,0x00000000fde60000,0x00000000fea00000)
  to   space 21504K, 0% used [0x00000000feb00000,0x00000000feb00000,0x0000000100000000)
 ParOldGen       total 123904K, used 97505K [0x00000000c2400000, 0x00000000c9d00000, 0x00000000eb700000)
  object space 123904K, 78% used [0x00000000c2400000,0x00000000c8338418,0x00000000c9d00000)
 Metaspace       used 6864K, capacity 6954K, committed 7296K, reserved 1056768K
  class space    used 758K, capacity 785K, committed 896K, reserved 1048576K
}
Event: 4.445 GC heap before
{Heap before GC invocations=20 (full 2):
 PSYoungGen      total 314368K, used 302464K [0x00000000eb700000, 0x0000000100000000, 0x0000000100000000)
  eden space 291840K, 100% used [0x00000000eb700000,0x00000000fd400000,0x00000000fd400000)
  from space 22528K, 47% used [0x00000000fd400000,0x00000000fde60000,0x00000000fea00000)
  to   space 21504K, 0% used [0x00000000feb00000,0x00000000feb00000,0x0000000100000000)
 ParOldGen       total 123904K, used 97505K [0x00000000c2400000, 0x00000000c9d00000, 0x00000000eb700000)
  object space 123904K, 78% used [0x00000000c2400000,0x00000000c8338418,0x00000000c9d00000)
 Metaspace       used 6864K, capacity 6954K, committed 7296K, reserved 1056768K
  class space    used 758K, capacity 785K, committed 896K, reserved 1048576K
Event: 4.466 GC heap after
Heap after GC invocations=20 (full 2):
 PSYoungGen      total 310272K, used 20832K [0x00000000eb700000, 0x0000000100000000, 0x0000000100000000)
  eden space 288768K, 0% used [0x00000000eb700000,0x00000000eb700000,0x00000000fd100000)
  from space 21504K, 96% used [0x00000000feb00000,0x00000000fff58000,0x0000000100000000)
  to   space 24064K, 0% used [0x00000000fd100000,0x00000000fd100000,0x00000000fe880000)
 ParOldGen       total 123904K, used 97505K [0x00000000c2400000, 0x00000000c9d00000, 0x00000000eb700000)
  object space 123904K, 78% used [0x00000000c2400000,0x00000000c8338418,0x00000000c9d00000)
 Metaspace       used 6864K, capacity 6954K, committed 7296K, reserved 1056768K
  class space    used 758K, capacity 785K, committed 896K, reserved 1048576K
}
Event: 4.588 GC heap before
{Heap before GC invocations=21 (full 2):
 PSYoungGen      total 310272K, used 309600K [0x00000000eb700000, 0x0000000100000000, 0x0000000100000000)
  eden space 288768K, 100% used [0x00000000eb700000,0x00000000fd100000,0x00000000fd100000)
  from space 21504K, 96% used [0x00000000feb00000,0x00000000fff58000,0x0000000100000000)
  to   space 24064K, 0% used [0x00000000fd100000,0x00000000fd100000,0x00000000fe880000)
 ParOldGen       total 123904K, used 97505K [0x00000000c2400000, 0x00000000c9d00000, 0x00000000eb700000)
  object space 123904K, 78% used [0x00000000c2400000,0x00000000c8338418,0x00000000c9d00000)
 Metaspace       used 6864K, capacity 6954K, committed 7296K, reserved 1056768K
  class space    used 758K, capacity 785K, committed 896K, reserved 1048576K
Event: 4.635 GC heap after
Heap after GC invocations=21 (full 2):
 PSYoungGen      total 312832K, used 24064K [0x00000000eb700000, 0x0000000100000000, 0x0000000100000000)
  eden space 288768K, 0% used [0x00000000eb700000,0x00000000eb700000,0x00000000fd100000)
  from space 24064K, 100% used [0x00000000fd100000,0x00000000fe880000,0x00000000fe880000)
  to   space 24064K, 0% used [0x00000000fe880000,0x00000000fe880000,0x0000000100000000)
 ParOldGen       total 123904K, used 104353K [0x00000000c2400000, 0x00000000c9d00000, 0x00000000eb700000)
  object space 123904K, 84% used [0x00000000c2400000,0x00000000c89e8418,0x00000000c9d00000)
 Metaspace       used 6864K, capacity 6954K, committed 7296K, reserved 1056768K
  class space    used 758K, capacity 785K, committed 896K, reserved 1048576K
}
Event: 4.748 GC heap before
{Heap before GC invocations=22 (full 2):
 PSYoungGen      total 312832K, used 312832K [0x00000000eb700000, 0x0000000100000000, 0x0000000100000000)
  eden space 288768K, 100% used [0x00000000eb700000,0x00000000fd100000,0x00000000fd100000)
  from space 24064K, 100% used [0x00000000fd100000,0x00000000fe880000,0x00000000fe880000)
  to   space 24064K, 0% used [0x00000000fe880000,0x00000000fe880000,0x0000000100000000)
 ParOldGen       total 123904K, used 104353K [0x00000000c2400000, 0x00000000c9d00000, 0x00000000eb700000)
  object space 123904K, 84% used [0x00000000c2400000,0x00000000c89e8418,0x00000000c9d00000)
 Metaspace       used 6864K, capacity 6954K, committed 7296K, reserved 1056768K
  class space    used 758K, capacity 785K, committed 896K, reserved 1048576K
Event: 4.798 GC heap after
Heap after GC invocations=22 (full 2):
 PSYoungGen      total 301568K, used 16534K [0x00000000eb700000, 0x0000000100000000, 0x0000000100000000)
  eden space 277504K, 0% used [0x00000000eb700000,0x00000000eb700000,0x00000000fc600000)
  from space 24064K, 68% used [0x00000000fe880000,0x00000000ff8a5ba8,0x0000000100000000)
  to   space 29696K, 0% used [0x00000000fc600000,0x00000000fc600000,0x00000000fe300000)
 ParOldGen       total 123904K, used 122577K [0x00000000c2400000, 0x00000000c9d00000, 0x00000000eb700000)
  object space 123904K, 98% used [0x00000000c2400000,0x00000000c9bb4418,0x00000000c9d00000)
 Metaspace       used 6864K, capacity 6954K, committed 7296K, reserved 1056768K
  class space    used 758K, capacity 785K, committed 896K, reserved 1048576K
}
Event: 4.798 GC heap before
{Heap before GC invocations=23 (full 3):
 PSYoungGen      total 301568K, used 16534K [0x00000000eb700000, 0x0000000100000000, 0x0000000100000000)
  eden space 277504K, 0% used [0x00000000eb700000,0x00000000eb700000,0x00000000fc600000)
  from space 24064K, 68% used [0x00000000fe880000,0x00000000ff8a5ba8,0x0000000100000000)
  to   space 29696K, 0% used [0x00000000fc600000,0x00000000fc600000,0x00000000fe300000)
 ParOldGen       total 123904K, used 122577K [0x00000000c2400000, 0x00000000c9d00000, 0x00000000eb700000)
  object space 123904K, 98% used [0x00000000c2400000,0x00000000c9bb4418,0x00000000c9d00000)
 Metaspace       used 6864K, capacity 6954K, committed 7296K, reserved 1056768K
  class space    used 758K, capacity 785K, committed 896K, reserved 1048576K

